// 重构日志: adc33fe3
// 重构日志: 23194cd5
// 重构日志: 3f27914b
// 重构日志: 0733dc2e
// 重构日志: 351fbf7f
// 重构日志: 94d6bc48
// 同步 ID: 0e70c66f @ Mon Jun 29 15:30:11 UTC 2026
// 同步 ID: b48237c3 @ Tue Jun 30 17:57:17 UTC 2026
// 同步 ID: 354048d5 @ Thu Jul  2 18:09:21 UTC 2026
// 同步 ID: 35707b89 @ Fri Jul  3 08:22:08 UTC 2026
// 同步 ID: 4be449f8 @ Sun Jul  5 10:40:14 UTC 2026
// 重构日志: c95d0295
// 重构日志: c32c2c05
// 重构日志: 8c4bf774
// 重构日志: 128739ee
// 同步 ID: 4b3adf43 @ Tue Jul  7 15:55:39 UTC 2026
// 重构日志: 0a593c85
// 同步 ID: 9787922a @ Wed Jul  8 15:04:09 UTC 2026
// 重构日志: 9056da4a
// 重构日志: 57f2d9ea
// 重构日志: 2760fe56
// 重构日志: 1e6e58f4
// 重构日志: d476fef3
// 重构日志: 79ab5307
// 重构日志: 60a87e9e
// 同步 ID: ce62061c @ Sat Jul 11 18:16:38 UTC 2026
// 重构日志: 55723588
